<?xml version="1.0" encoding="UTF-8"?>
<!-- Generated by org.testng.reporters.JUnitReportReporter -->
<testsuite skipped="0" hostname="Simanchal" name="Selenium.com.JavaScriptExecutor" tests="1" failures="0" timestamp="10 Feb 2019 14:57:28 GMT" time="20.635" errors="0">
  <testcase name="login" time="20.635" classname="Selenium.com.JavaScriptExecutor"/>
</testsuite> <!-- Selenium.com.JavaScriptExecutor -->
