<?xml version="1.0" encoding="UTF-8"?>
<!-- Generated by org.testng.reporters.JUnitReportReporter -->
<testsuite skipped="0" hostname="Simanchal" name="Selenium.com.TestNg" tests="2" failures="0" timestamp="29 Jan 2019 17:03:47 GMT" time="0.048" errors="0">
  <testcase name="f" time="0.041" classname="Selenium.com.TestNg"/>
  <testcase name="f1" time="0.007" classname="Selenium.com.TestNg"/>
</testsuite> <!-- Selenium.com.TestNg -->
